<?xml version="1.0" encoding="UTF-8"?>
<testsuite name="Cucumber" time="6.213" tests="1" skipped="0" failures="0" errors="0">
<testcase classname="User contact us functionlality" name="User contactUs form" time="5.994">
<system-out><![CDATA[
Given User on homepage......................................................passed
When User clicks on contact us button.......................................passed
And User enters below details...............................................passed
And User clicks on submit button............................................passed
Then User able to view Success message......................................passed
]]></system-out>
</testcase>
</testsuite>
