<?xml version="1.0" encoding="UTF-8"?>
<testng-results ignored="0" total="1" passed="1" failed="0" skipped="0">
  <reporter-output>
  </reporter-output>
  <suite started-at="2025-11-19T13:35:34 IST" name="Default suite" finished-at="2025-11-19T13:35:40 IST" duration-ms="6721">
    <groups>
      <group name="cucumber">
        <method signature="AbstractTestNGCucumberTests.runScenario(io.cucumber.testng.PickleWrapper,io.cucumber.testng.FeatureWrapper)[pri:0, instance:Steps.Testrunner@7d20d0b]" name="runScenario" class="io.cucumber.testng.AbstractTestNGCucumberTests"/>
      </group> <!-- cucumber -->
    </groups>
    <test started-at="2025-11-19T13:35:34 IST" name="Default test" finished-at="2025-11-19T13:35:40 IST" duration-ms="6721">
      <class name="Steps.Testrunner">
        <test-method is-config="true" signature="setUpClass(org.testng.ITestContext)[pri:0, instance:Steps.Testrunner@7d20d0b]" started-at="2025-11-19T13:35:34 IST" name="setUpClass" finished-at="2025-11-19T13:35:34 IST" duration-ms="507" status="PASS">
          <params>
            <param index="0">
              <value>
                <![CDATA[org.testng.TestRunner@858d8b4]]>
              </value>
            </param>
          </params>
          <reporter-output>
          </reporter-output>
        </test-method> <!-- setUpClass -->
        <test-method signature="runScenario(io.cucumber.testng.PickleWrapper,io.cucumber.testng.FeatureWrapper)[pri:0, instance:Steps.Testrunner@7d20d0b]" started-at="2025-11-19T13:35:34 IST" name="runScenario" description="Runs Cucumber Scenarios" data-provider="scenarios" finished-at="2025-11-19T13:35:40 IST" duration-ms="6109" status="PASS">
          <params>
            <param index="0">
              <value>
                <![CDATA["User contactUs form"]]>
              </value>
            </param>
            <param index="1">
              <value>
                <![CDATA["User contact us functionlality"]]>
              </value>
            </param>
          </params>
          <reporter-output>
          </reporter-output>
        </test-method> <!-- runScenario -->
        <test-method is-config="true" signature="tearDownClass()[pri:0, instance:Steps.Testrunner@7d20d0b]" started-at="2025-11-19T13:35:40 IST" name="tearDownClass" finished-at="2025-11-19T13:35:40 IST" duration-ms="57" status="PASS">
          <reporter-output>
          </reporter-output>
        </test-method> <!-- tearDownClass -->
      </class> <!-- Steps.Testrunner -->
    </test> <!-- Default test -->
  </suite> <!-- Default suite -->
</testng-results>
