<?xml version="1.0" encoding="UTF-8"?>
<testng-results ignored="0" total="1" passed="1" failed="0" skipped="0">
  <reporter-output>
  </reporter-output>
  <suite started-at="2025-11-18T15:23:05 IST" name="Default suite" finished-at="2025-11-18T15:23:18 IST" duration-ms="13080">
    <groups>
      <group name="cucumber">
        <method signature="AbstractTestNGCucumberTests.runScenario(io.cucumber.testng.PickleWrapper,io.cucumber.testng.FeatureWrapper)[pri:0, instance:Steps.Testrunner@7d20d0b]" name="runScenario" class="io.cucumber.testng.AbstractTestNGCucumberTests"/>
      </group> <!-- cucumber -->
    </groups>
    <test started-at="2025-11-18T15:23:05 IST" name="Default test" finished-at="2025-11-18T15:23:18 IST" duration-ms="13080">
      <class name="Steps.Testrunner">
        <test-method is-config="true" signature="setUpClass(org.testng.ITestContext)[pri:0, instance:Steps.Testrunner@7d20d0b]" started-at="2025-11-18T15:23:05 IST" name="setUpClass" finished-at="2025-11-18T15:23:05 IST" duration-ms="506" status="PASS">
          <params>
            <param index="0">
              <value>
                <![CDATA[org.testng.TestRunner@4f5f6e45]]>
              </value>
            </param>
          </params>
          <reporter-output>
          </reporter-output>
        </test-method> <!-- setUpClass -->
        <test-method signature="runScenario(io.cucumber.testng.PickleWrapper,io.cucumber.testng.FeatureWrapper)[pri:0, instance:Steps.Testrunner@7d20d0b]" started-at="2025-11-18T15:23:05 IST" name="runScenario" description="Runs Cucumber Scenarios" data-provider="scenarios" finished-at="2025-11-18T15:23:18 IST" duration-ms="12490" status="PASS">
          <params>
            <param index="0">
              <value>
                <![CDATA["Product search funchionality"]]>
              </value>
            </param>
            <param index="1">
              <value>
                <![CDATA["User product search funchionality"]]>
              </value>
            </param>
          </params>
          <reporter-output>
          </reporter-output>
        </test-method> <!-- runScenario -->
        <test-method is-config="true" signature="tearDownClass()[pri:0, instance:Steps.Testrunner@7d20d0b]" started-at="2025-11-18T15:23:18 IST" name="tearDownClass" finished-at="2025-11-18T15:23:18 IST" duration-ms="46" status="PASS">
          <reporter-output>
          </reporter-output>
        </test-method> <!-- tearDownClass -->
      </class> <!-- Steps.Testrunner -->
    </test> <!-- Default test -->
  </suite> <!-- Default suite -->
</testng-results>
